<?xml version="1.0" encoding="UTF-8"?>
<!-- Generated by org.testng.reporters.JUnitXMLReporter -->
<testsuite ignored="0" hostname="LAPTOP-0H4UER3T" failures="0" tests="12" name="User_Test" time="20.141" errors="0" timestamp="2024-09-24T17:56:40 IST">
  <testcase classname="api.test.UserTests" name="testPostUser" time="2.468"/>
  <testcase classname="api.test.UserTests" name="testGetUserByName" time="1.287"/>
  <testcase classname="api.test.UserTests2" name="testPostUser" time="1.316"/>
  <testcase classname="api.test.UserTests2" name="testGetUserByName" time="1.283"/>
  <testcase classname="api.test.UserTests2" name="testUpdateUserByName" time="2.559"/>
  <testcase classname="api.test.UserTests2" name="testDeleteUser" time="1.285"/>
  <testcase classname="api.test.DataDrivenTests" name="testPostUser" time="1.3"/>
  <testcase classname="api.test.DataDrivenTests" name="testPostUser" time="1.282"/>
  <testcase classname="api.test.DataDrivenTests" name="testPostUser" time="1.225"/>
  <testcase classname="api.test.DataDrivenTests" name="testDeleteUserByName" time="1.28"/>
  <testcase classname="api.test.DataDrivenTests" name="testDeleteUserByName" time="1.282"/>
  <testcase classname="api.test.DataDrivenTests" name="testDeleteUserByName" time="1.29"/>
</testsuite> <!-- User_Test -->
