<?xml version="1.0" encoding="UTF-8"?>
<testng-results ignored="0" total="12" passed="12" failed="0" skipped="0">
  <reporter-output>
  </reporter-output>
  <suite started-at="2024-09-24T17:56:20 IST" name="User_Suite" finished-at="2024-09-24T17:56:40 IST" duration-ms="20141">
    <groups>
    </groups>
    <test started-at="2024-09-24T17:56:20 IST" name="User_Test" finished-at="2024-09-24T17:56:40 IST" duration-ms="20141">
      <class name="api.test.DataDrivenTests">
        <test-method signature="testPostUser(java.lang.String,java.lang.String,java.lang.String,java.lang.String,java.lang.String,java.lang.String,java.lang.String)[pri:1, instance:api.test.DataDrivenTests@55141def]" started-at="2024-09-24T17:56:32 IST" name="testPostUser" data-provider="Data" finished-at="2024-09-24T17:56:33 IST" duration-ms="1300" status="PASS">
          <params>
            <param index="0">
              <value>
                <![CDATA[1010]]>
              </value>
            </param>
            <param index="1">
              <value>
                <![CDATA[testUser1]]>
              </value>
            </param>
            <param index="2">
              <value>
                <![CDATA[John]]>
              </value>
            </param>
            <param index="3">
              <value>
                <![CDATA[Canady]]>
              </value>
            </param>
            <param index="4">
              <value>
                <![CDATA[john@email.com]]>
              </value>
            </param>
            <param index="5">
              <value>
                <![CDATA[John@123]]>
              </value>
            </param>
            <param index="6">
              <value>
                <![CDATA[5678967898]]>
              </value>
            </param>
          </params>
          <reporter-output>
          </reporter-output>
        </test-method> <!-- testPostUser -->
        <test-method signature="testPostUser(java.lang.String,java.lang.String,java.lang.String,java.lang.String,java.lang.String,java.lang.String,java.lang.String)[pri:1, instance:api.test.DataDrivenTests@55141def]" started-at="2024-09-24T17:56:33 IST" name="testPostUser" data-provider="Data" finished-at="2024-09-24T17:56:35 IST" duration-ms="1282" status="PASS">
          <params>
            <param index="0">
              <value>
                <![CDATA[1011]]>
              </value>
            </param>
            <param index="1">
              <value>
                <![CDATA[testUser2]]>
              </value>
            </param>
            <param index="2">
              <value>
                <![CDATA[Kim]]>
              </value>
            </param>
            <param index="3">
              <value>
                <![CDATA[Kom]]>
              </value>
            </param>
            <param index="4">
              <value>
                <![CDATA[kom@email.com]]>
              </value>
            </param>
            <param index="5">
              <value>
                <![CDATA[Kom@321]]>
              </value>
            </param>
            <param index="6">
              <value>
                <![CDATA[5678967899]]>
              </value>
            </param>
          </params>
          <reporter-output>
          </reporter-output>
        </test-method> <!-- testPostUser -->
        <test-method signature="testPostUser(java.lang.String,java.lang.String,java.lang.String,java.lang.String,java.lang.String,java.lang.String,java.lang.String)[pri:1, instance:api.test.DataDrivenTests@55141def]" started-at="2024-09-24T17:56:35 IST" name="testPostUser" data-provider="Data" finished-at="2024-09-24T17:56:36 IST" duration-ms="1225" status="PASS">
          <params>
            <param index="0">
              <value>
                <![CDATA[1012]]>
              </value>
            </param>
            <param index="1">
              <value>
                <![CDATA[testUser3]]>
              </value>
            </param>
            <param index="2">
              <value>
                <![CDATA[Smith]]>
              </value>
            </param>
            <param index="3">
              <value>
                <![CDATA[Steve]]>
              </value>
            </param>
            <param index="4">
              <value>
                <![CDATA[steve@email.com]]>
              </value>
            </param>
            <param index="5">
              <value>
                <![CDATA[Steve@3232]]>
              </value>
            </param>
            <param index="6">
              <value>
                <![CDATA[5678967900]]>
              </value>
            </param>
          </params>
          <reporter-output>
          </reporter-output>
        </test-method> <!-- testPostUser -->
        <test-method signature="testDeleteUserByName(java.lang.String)[pri:2, instance:api.test.DataDrivenTests@55141def]" started-at="2024-09-24T17:56:36 IST" name="testDeleteUserByName" data-provider="UserNames" finished-at="2024-09-24T17:56:37 IST" duration-ms="1280" status="PASS">
          <params>
            <param index="0">
              <value>
                <![CDATA[testUser1]]>
              </value>
            </param>
          </params>
          <reporter-output>
          </reporter-output>
        </test-method> <!-- testDeleteUserByName -->
        <test-method signature="testDeleteUserByName(java.lang.String)[pri:2, instance:api.test.DataDrivenTests@55141def]" started-at="2024-09-24T17:56:37 IST" name="testDeleteUserByName" data-provider="UserNames" finished-at="2024-09-24T17:56:39 IST" duration-ms="1282" status="PASS">
          <params>
            <param index="0">
              <value>
                <![CDATA[testUser2]]>
              </value>
            </param>
          </params>
          <reporter-output>
          </reporter-output>
        </test-method> <!-- testDeleteUserByName -->
        <test-method signature="testDeleteUserByName(java.lang.String)[pri:2, instance:api.test.DataDrivenTests@55141def]" started-at="2024-09-24T17:56:39 IST" name="testDeleteUserByName" data-provider="UserNames" finished-at="2024-09-24T17:56:40 IST" duration-ms="1290" status="PASS">
          <params>
            <param index="0">
              <value>
                <![CDATA[testUser3]]>
              </value>
            </param>
          </params>
          <reporter-output>
          </reporter-output>
        </test-method> <!-- testDeleteUserByName -->
      </class> <!-- api.test.DataDrivenTests -->
      <class name="api.test.UserTests2">
        <test-method is-config="true" signature="setupData()[pri:0, instance:api.test.UserTests2@47eaca72]" started-at="2024-09-24T17:56:24 IST" name="setupData" finished-at="2024-09-24T17:56:24 IST" duration-ms="373" status="PASS">
          <reporter-output>
          </reporter-output>
        </test-method> <!-- setupData -->
        <test-method signature="testPostUser()[pri:1, instance:api.test.UserTests2@47eaca72]" started-at="2024-09-24T17:56:24 IST" name="testPostUser" finished-at="2024-09-24T17:56:25 IST" duration-ms="1316" status="PASS">
          <reporter-output>
          </reporter-output>
        </test-method> <!-- testPostUser -->
        <test-method signature="testGetUserByName()[pri:2, instance:api.test.UserTests2@47eaca72]" started-at="2024-09-24T17:56:25 IST" name="testGetUserByName" finished-at="2024-09-24T17:56:27 IST" duration-ms="1283" status="PASS">
          <reporter-output>
          </reporter-output>
        </test-method> <!-- testGetUserByName -->
        <test-method signature="testUpdateUserByName()[pri:3, instance:api.test.UserTests2@47eaca72]" started-at="2024-09-24T17:56:27 IST" name="testUpdateUserByName" finished-at="2024-09-24T17:56:29 IST" duration-ms="2559" status="PASS">
          <reporter-output>
          </reporter-output>
        </test-method> <!-- testUpdateUserByName -->
        <test-method signature="testDeleteUser()[pri:4, instance:api.test.UserTests2@47eaca72]" started-at="2024-09-24T17:56:29 IST" name="testDeleteUser" finished-at="2024-09-24T17:56:31 IST" duration-ms="1285" status="PASS">
          <reporter-output>
          </reporter-output>
        </test-method> <!-- testDeleteUser -->
      </class> <!-- api.test.UserTests2 -->
      <class name="api.test.UserTests">
        <test-method is-config="true" signature="setupData()[pri:0, instance:api.test.UserTests@4c583ecf]" started-at="2024-09-24T17:56:20 IST" name="setupData" finished-at="2024-09-24T17:56:20 IST" duration-ms="119" status="PASS">
          <reporter-output>
          </reporter-output>
        </test-method> <!-- setupData -->
        <test-method signature="testPostUser()[pri:1, instance:api.test.UserTests@4c583ecf]" started-at="2024-09-24T17:56:20 IST" name="testPostUser" finished-at="2024-09-24T17:56:22 IST" duration-ms="2468" status="PASS">
          <reporter-output>
          </reporter-output>
        </test-method> <!-- testPostUser -->
        <test-method signature="testGetUserByName()[pri:2, instance:api.test.UserTests@4c583ecf]" started-at="2024-09-24T17:56:22 IST" name="testGetUserByName" finished-at="2024-09-24T17:56:24 IST" duration-ms="1287" status="PASS">
          <reporter-output>
          </reporter-output>
        </test-method> <!-- testGetUserByName -->
      </class> <!-- api.test.UserTests -->
    </test> <!-- User_Test -->
  </suite> <!-- User_Suite -->
</testng-results>
