<?xml version="1.0" encoding="UTF-8"?>
<testsuite xmlns:xsi="http://www.w3.org/2001/XMLSchema-instance" xsi:noNamespaceSchemaLocation="https://maven.apache.org/surefire/maven-surefire-plugin/xsd/surefire-test-report.xsd" version="3.0.2" name="TestSuite" time="20.958" tests="12" errors="0" skipped="0" failures="0">
  <properties>
[...]
</properties>
  <testcase name="testPostUser" classname="api.test.UserTests" time="2.475">
    <system-out><![CDATA[HTTP/1.1 200 OK
Date: Tue, 24 Sep 2024 12:26:22 GMT
Content-Type: application/json
Transfer-Encoding: chunked
Connection: keep-alive
Access-Control-Allow-Origin: *
Access-Control-Allow-Methods: GET, POST, DELETE, PUT
Access-Control-Allow-Headers: Content-Type, api_key, Authorization
Server: Jetty(9.2.9.v20150224)

{
    "code": 200,
    "type": "unknown",
    "message": "1810923540"
}
HTTP/1.1 200 OK
Date: Tue, 24 Sep 2024 12:26:22 GMT
Content-Type: application/json
Transfer-Encoding: chunked
Connection: keep-alive
Access-Control-Allow-Origin: *
Access-Control-Allow-Methods: GET, POST, DELETE, PUT
Access-Control-Allow-Headers: Content-Type, api_key, Authorization
Server: Jetty(9.2.9.v20150224)

{
    "code": 200,
    "type": "unknown",
    "message": "1810923540"
}
]]></system-out>
    <system-err><![CDATA[log4j:WARN No appenders could be found for logger (org.testng.TestNG).
log4j:WARN Please initialize the log4j system properly.
log4j:WARN See http://logging.apache.org/log4j/1.2/faq.html#noconfig for more info.
]]></system-err>
  </testcase>
  <testcase name="testGetUserByName" classname="api.test.UserTests" time="1.288">
    <system-out><![CDATA[HTTP/1.1 200 OK
Date: Tue, 24 Sep 2024 12:26:24 GMT
Content-Type: application/json
Transfer-Encoding: chunked
Connection: keep-alive
Access-Control-Allow-Origin: *
Access-Control-Allow-Methods: GET, POST, DELETE, PUT
Access-Control-Allow-Headers: Content-Type, api_key, Authorization
Server: Jetty(9.2.9.v20150224)

{
    "id": 1810923540,
    "username": "harley.kassulke",
    "firstName": "Roseanna",
    "lastName": "Wiza",
    "email": "rolland.cassin@example.com",
    "password": "10c7b",
    "phone": "090.103.9786",
    "userStatus": 0
}
HTTP/1.1 200 OK
Date: Tue, 24 Sep 2024 12:26:24 GMT
Content-Type: application/json
Transfer-Encoding: chunked
Connection: keep-alive
Access-Control-Allow-Origin: *
Access-Control-Allow-Methods: GET, POST, DELETE, PUT
Access-Control-Allow-Headers: Content-Type, api_key, Authorization
Server: Jetty(9.2.9.v20150224)

{
    "id": 1810923540,
    "username": "harley.kassulke",
    "firstName": "Roseanna",
    "lastName": "Wiza",
    "email": "rolland.cassin@example.com",
    "password": "10c7b",
    "phone": "090.103.9786",
    "userStatus": 0
}
]]></system-out>
  </testcase>
  <testcase name="testPostUser" classname="api.test.UserTests2" time="1.321">
    <system-out><![CDATA[2024-09-24 17:56:24 INFO  UserTests2:45 - ****************Creating User******************
HTTP/1.1 200 OK
Date: Tue, 24 Sep 2024 12:26:25 GMT
Content-Type: application/json
Transfer-Encoding: chunked
Connection: keep-alive
Access-Control-Allow-Origin: *
Access-Control-Allow-Methods: GET, POST, DELETE, PUT
Access-Control-Allow-Headers: Content-Type, api_key, Authorization
Server: Jetty(9.2.9.v20150224)

{
    "code": 200,
    "type": "unknown",
    "message": "16"
}
2024-09-24 17:56:25 INFO  UserTests2:53 - ****************User is created******************
]]></system-out>
  </testcase>
  <testcase name="testGetUserByName" classname="api.test.UserTests2" time="1.28">
    <system-out><![CDATA[Testing retrieval for username: wilburn.stoltenberg
2024-09-24 17:56:25 INFO  UserTests2:60 - ****************Reading User Info******************
HTTP/1.1 200 OK
Date: Tue, 24 Sep 2024 12:26:26 GMT
Content-Type: application/json
Transfer-Encoding: chunked
Connection: keep-alive
Access-Control-Allow-Origin: *
Access-Control-Allow-Methods: GET, POST, DELETE, PUT
Access-Control-Allow-Headers: Content-Type, api_key, Authorization
Server: Jetty(9.2.9.v20150224)

{
    "id": 16,
    "username": "wilburn.stoltenberg",
    "firstName": "Thurman",
    "lastName": "Roob",
    "email": "henry.monahan@example.com",
    "password": "7qgg6csrl",
    "phone": "(510) 476-6122",
    "userStatus": 0
}
2024-09-24 17:56:27 INFO  UserTests2:67 - ****************User info is displayed******************
]]></system-out>
  </testcase>
  <testcase name="testUpdateUserByName" classname="api.test.UserTests2" time="2.559">
    <system-out><![CDATA[2024-09-24 17:56:27 INFO  UserTests2:72 - ****************Updating user info******************
HTTP/1.1 200 OK
Date: Tue, 24 Sep 2024 12:26:28 GMT
Content-Type: application/json
Transfer-Encoding: chunked
Connection: keep-alive
Access-Control-Allow-Origin: *
Access-Control-Allow-Methods: GET, POST, DELETE, PUT
Access-Control-Allow-Headers: Content-Type, api_key, Authorization
Server: Jetty(9.2.9.v20150224)

{
    "code": 200,
    "type": "unknown",
    "message": "16"
}
HTTP/1.1 200 OK
Date: Tue, 24 Sep 2024 12:26:29 GMT
Content-Type: application/json
Transfer-Encoding: chunked
Connection: keep-alive
Access-Control-Allow-Origin: *
Access-Control-Allow-Methods: GET, POST, DELETE, PUT
Access-Control-Allow-Headers: Content-Type, api_key, Authorization
Server: Jetty(9.2.9.v20150224)

{
    "id": 16,
    "username": "wilburn.stoltenberg",
    "firstName": "Julian",
    "lastName": "Boyle",
    "email": "alaine.simonis@example.com",
    "password": "7qgg6csrl",
    "phone": "(510) 476-6122",
    "userStatus": 1
}
2024-09-24 17:56:29 INFO  UserTests2:90 - ****************User Info is Updated******************
]]></system-out>
  </testcase>
  <testcase name="testDeleteUser" classname="api.test.UserTests2" time="1.284">
    <system-out><![CDATA[2024-09-24 17:56:29 INFO  UserTests2:95 - ****************Deleting user******************
2024-09-24 17:56:31 INFO  UserTests2:100 - ****************User is deleted******************
]]></system-out>
  </testcase>
  <testcase name="testPostUser[1010, testUser1, John, Canady, john@email.com, John@123, 5678967898](1)" classname="api.test.DataDrivenTests" time="1.305">
    <system-out><![CDATA[HTTP/1.1 200 OK
Date: Tue, 24 Sep 2024 12:26:33 GMT
Content-Type: application/json
Transfer-Encoding: chunked
Connection: keep-alive
Access-Control-Allow-Origin: *
Access-Control-Allow-Methods: GET, POST, DELETE, PUT
Access-Control-Allow-Headers: Content-Type, api_key, Authorization
Server: Jetty(9.2.9.v20150224)

{
    "code": 200,
    "type": "unknown",
    "message": "1010"
}
HTTP/1.1 200 OK
Date: Tue, 24 Sep 2024 12:26:33 GMT
Content-Type: application/json
Transfer-Encoding: chunked
Connection: keep-alive
Access-Control-Allow-Origin: *
Access-Control-Allow-Methods: GET, POST, DELETE, PUT
Access-Control-Allow-Headers: Content-Type, api_key, Authorization
Server: Jetty(9.2.9.v20150224)

{
    "code": 200,
    "type": "unknown",
    "message": "1010"
}
]]></system-out>
  </testcase>
  <testcase name="testPostUser[1011, testUser2, Kim, Kom, kom@email.com, Kom@321, 5678967899](2)" classname="api.test.DataDrivenTests" time="1.284">
    <system-out><![CDATA[HTTP/1.1 200 OK
Date: Tue, 24 Sep 2024 12:26:34 GMT
Content-Type: application/json
Transfer-Encoding: chunked
Connection: keep-alive
Access-Control-Allow-Origin: *
Access-Control-Allow-Methods: GET, POST, DELETE, PUT
Access-Control-Allow-Headers: Content-Type, api_key, Authorization
Server: Jetty(9.2.9.v20150224)

{
    "code": 200,
    "type": "unknown",
    "message": "1011"
}
HTTP/1.1 200 OK
Date: Tue, 24 Sep 2024 12:26:34 GMT
Content-Type: application/json
Transfer-Encoding: chunked
Connection: keep-alive
Access-Control-Allow-Origin: *
Access-Control-Allow-Methods: GET, POST, DELETE, PUT
Access-Control-Allow-Headers: Content-Type, api_key, Authorization
Server: Jetty(9.2.9.v20150224)

{
    "code": 200,
    "type": "unknown",
    "message": "1011"
}
]]></system-out>
  </testcase>
  <testcase name="testPostUser[1012, testUser3, Smith, Steve, steve@email.com, Steve@3232, 5678967900](3)" classname="api.test.DataDrivenTests" time="1.225">
    <system-out><![CDATA[HTTP/1.1 200 OK
Date: Tue, 24 Sep 2024 12:26:36 GMT
Content-Type: application/json
Transfer-Encoding: chunked
Connection: keep-alive
Access-Control-Allow-Origin: *
Access-Control-Allow-Methods: GET, POST, DELETE, PUT
Access-Control-Allow-Headers: Content-Type, api_key, Authorization
Server: Jetty(9.2.9.v20150224)

{
    "code": 200,
    "type": "unknown",
    "message": "1012"
}
HTTP/1.1 200 OK
Date: Tue, 24 Sep 2024 12:26:36 GMT
Content-Type: application/json
Transfer-Encoding: chunked
Connection: keep-alive
Access-Control-Allow-Origin: *
Access-Control-Allow-Methods: GET, POST, DELETE, PUT
Access-Control-Allow-Headers: Content-Type, api_key, Authorization
Server: Jetty(9.2.9.v20150224)

{
    "code": 200,
    "type": "unknown",
    "message": "1012"
}
]]></system-out>
  </testcase>
  <testcase name="testDeleteUserByName[testUser1](1)" classname="api.test.DataDrivenTests" time="1.287">
    <system-out><![CDATA[HTTP/1.1 200 OK
Date: Tue, 24 Sep 2024 12:26:37 GMT
Content-Type: application/json
Transfer-Encoding: chunked
Connection: keep-alive
Access-Control-Allow-Origin: *
Access-Control-Allow-Methods: GET, POST, DELETE, PUT
Access-Control-Allow-Headers: Content-Type, api_key, Authorization
Server: Jetty(9.2.9.v20150224)

{
    "code": 200,
    "type": "unknown",
    "message": "testUser1"
}
HTTP/1.1 200 OK
Date: Tue, 24 Sep 2024 12:26:37 GMT
Content-Type: application/json
Transfer-Encoding: chunked
Connection: keep-alive
Access-Control-Allow-Origin: *
Access-Control-Allow-Methods: GET, POST, DELETE, PUT
Access-Control-Allow-Headers: Content-Type, api_key, Authorization
Server: Jetty(9.2.9.v20150224)

{
    "code": 200,
    "type": "unknown",
    "message": "testUser1"
}
]]></system-out>
  </testcase>
  <testcase name="testDeleteUserByName[testUser2](2)" classname="api.test.DataDrivenTests" time="1.281">
    <system-out><![CDATA[HTTP/1.1 200 OK
Date: Tue, 24 Sep 2024 12:26:38 GMT
Content-Type: application/json
Transfer-Encoding: chunked
Connection: keep-alive
Access-Control-Allow-Origin: *
Access-Control-Allow-Methods: GET, POST, DELETE, PUT
Access-Control-Allow-Headers: Content-Type, api_key, Authorization
Server: Jetty(9.2.9.v20150224)

{
    "code": 200,
    "type": "unknown",
    "message": "testUser2"
}
HTTP/1.1 200 OK
Date: Tue, 24 Sep 2024 12:26:38 GMT
Content-Type: application/json
Transfer-Encoding: chunked
Connection: keep-alive
Access-Control-Allow-Origin: *
Access-Control-Allow-Methods: GET, POST, DELETE, PUT
Access-Control-Allow-Headers: Content-Type, api_key, Authorization
Server: Jetty(9.2.9.v20150224)

{
    "code": 200,
    "type": "unknown",
    "message": "testUser2"
}
]]></system-out>
  </testcase>
  <testcase name="testDeleteUserByName[testUser3](3)" classname="api.test.DataDrivenTests" time="1.287">
    <system-out><![CDATA[HTTP/1.1 200 OK
Date: Tue, 24 Sep 2024 12:26:40 GMT
Content-Type: application/json
Transfer-Encoding: chunked
Connection: keep-alive
Access-Control-Allow-Origin: *
Access-Control-Allow-Methods: GET, POST, DELETE, PUT
Access-Control-Allow-Headers: Content-Type, api_key, Authorization
Server: Jetty(9.2.9.v20150224)

{
    "code": 200,
    "type": "unknown",
    "message": "testUser3"
}
HTTP/1.1 200 OK
Date: Tue, 24 Sep 2024 12:26:40 GMT
Content-Type: application/json
Transfer-Encoding: chunked
Connection: keep-alive
Access-Control-Allow-Origin: *
Access-Control-Allow-Methods: GET, POST, DELETE, PUT
Access-Control-Allow-Headers: Content-Type, api_key, Authorization
Server: Jetty(9.2.9.v20150224)

{
    "code": 200,
    "type": "unknown",
    "message": "testUser3"
}
]]></system-out>
  </testcase>
</testsuite>