<?xml version="1.0" encoding="UTF-8"?>
<!-- Generated by org.testng.reporters.JUnitXMLReporter -->
<testsuite ignored="0" hostname="LAPTOP-0H4UER3T" failures="0" tests="12" name="User_Test" time="17.945" errors="0" timestamp="2024-09-27T12:06:29 IST">
  <testcase classname="api.test.UserTests" name="testPostUser" time="2.189"/>
  <testcase classname="api.test.UserTests" name="testGetUserByName" time="1.471"/>
  <testcase classname="api.test.UserTests2" name="testPostUser" time="1.548"/>
  <testcase classname="api.test.UserTests2" name="testGetUserByName" time="1.194"/>
  <testcase classname="api.test.UserTests2" name="testUpdateUserByName" time="2.72"/>
  <testcase classname="api.test.UserTests2" name="testDeleteUser" time="1.135"/>
  <testcase classname="api.test.DataDrivenTests" name="testPostUser" time="1.12"/>
  <testcase classname="api.test.DataDrivenTests" name="testPostUser" time="1.16"/>
  <testcase classname="api.test.DataDrivenTests" name="testPostUser" time="1.061"/>
  <testcase classname="api.test.DataDrivenTests" name="testDeleteUserByName" time="1.155"/>
  <testcase classname="api.test.DataDrivenTests" name="testDeleteUserByName" time="1.079"/>
  <testcase classname="api.test.DataDrivenTests" name="testDeleteUserByName" time="1.103"/>
</testsuite> <!-- User_Test -->
