<?xml version="1.0" encoding="UTF-8"?>
<!-- Generated by org.testng.reporters.JUnitXMLReporter -->
<testsuite ignored="0" hostname="LAPTOP-0H4UER3T" failures="0" tests="12" name="User_Test" time="16.814" errors="0" timestamp="2024-09-24T12:17:03 IST">
  <testcase classname="api.test.UserTests" name="testPostUser" time="2.422"/>
  <testcase classname="api.test.UserTests" name="testGetUserByName" time="1.113"/>
  <testcase classname="api.test.UserTests2" name="testPostUser" time="1.099"/>
  <testcase classname="api.test.UserTests2" name="testGetUserByName" time="1.059"/>
  <testcase classname="api.test.UserTests2" name="testUpdateUserByName" time="2.097"/>
  <testcase classname="api.test.UserTests2" name="testDeleteUser" time="1.05"/>
  <testcase classname="api.test.DataDrivenTests" name="testPostUser" time="1.043"/>
  <testcase classname="api.test.DataDrivenTests" name="testPostUser" time="1.076"/>
  <testcase classname="api.test.DataDrivenTests" name="testPostUser" time="1.066"/>
  <testcase classname="api.test.DataDrivenTests" name="testDeleteUserByName" time="1.053"/>
  <testcase classname="api.test.DataDrivenTests" name="testDeleteUserByName" time="1.056"/>
  <testcase classname="api.test.DataDrivenTests" name="testDeleteUserByName" time="1.081"/>
</testsuite> <!-- User_Test -->
